<?xml version="1.0" encoding="UTF-8"?>
<testng-results skipped="0" failed="0" total="1" passed="1">
  <reporter-output>
    <line>
      <![CDATA[Order entry has been clicked]]>
    </line>
    <line>
      <![CDATA[Place order has been clicked]]>
    </line>
  </reporter-output>
  <suite name="Default suite" duration-ms="71211" started-at="2017-05-10T10:04:28Z" finished-at="2017-05-10T10:05:39Z">
    <groups>
    </groups>
    <test name="Default test" duration-ms="71211" started-at="2017-05-10T10:04:28Z" finished-at="2017-05-10T10:05:39Z">
      <class name="automationFramework.Apache_POI_TC">
        <test-method status="PASS" signature="init()[pri:0, instance:automationFramework.Apache_POI_TC@3c756e4d]" name="init" is-config="true" duration-ms="11836" started-at="2017-05-10T15:34:28Z" finished-at="2017-05-10T15:34:40Z">
          <reporter-output>
          </reporter-output>
        </test-method> <!-- init -->
        <test-method status="PASS" signature="main()[pri:0, instance:automationFramework.Apache_POI_TC@3c756e4d]" name="main" duration-ms="59338" started-at="2017-05-10T15:34:40Z" finished-at="2017-05-10T15:35:39Z">
          <reporter-output>
            <line>
              <![CDATA[Order entry has been clicked]]>
            </line>
            <line>
              <![CDATA[Place order has been clicked]]>
            </line>
          </reporter-output>
        </test-method> <!-- main -->
      </class> <!-- automationFramework.Apache_POI_TC -->
    </test> <!-- Default test -->
  </suite> <!-- Default suite -->
</testng-results>
